2018-01-14 22:05:44 8744 [Note] Plugin 'FEDERATED' is disabled.
2018-01-14 22:05:44 8744 [Note] InnoDB: The InnoDB memory heap is disabled
2018-01-14 22:05:44 8744 [Note] InnoDB: Mutexes and rw_locks use Windows interlocked functions
2018-01-14 22:05:44 8744 [Note] InnoDB: Compressed tables use zlib 1.2.3
2018-01-14 22:05:44 8744 [Note] InnoDB: Not using CPU crc32 instructions
2018-01-14 22:05:44 8744 [Note] InnoDB: Initializing buffer pool, size = 128.0M
2018-01-14 22:05:44 8744 [Note] InnoDB: Completed initialization of buffer pool
2018-01-14 22:05:44 8744 [Note] InnoDB: Setting log file C:\Users\RheaH\Downloads\USBWebserver v8.6\mysql\data\ib_logfile101 size to 5 MB
2018-01-14 22:05:44 8744 [Note] InnoDB: Setting log file C:\Users\RheaH\Downloads\USBWebserver v8.6\mysql\data\ib_logfile1 size to 5 MB
2018-01-14 22:05:44 8744 [Note] InnoDB: Renaming log file C:\Users\RheaH\Downloads\USBWebserver v8.6\mysql\data\ib_logfile101 to C:\Users\RheaH\Downloads\USBWebserver v8.6\mysql\data\ib_logfile0
2018-01-14 22:05:44 8744 [Warning] InnoDB: New log files created, LSN=1626134
2018-01-14 22:05:44 8744 [Note] InnoDB: Highest supported file format is Barracuda.
2018-01-14 22:05:44 8744 [Note] InnoDB: 128 rollback segment(s) are active.
2018-01-14 22:05:44 8744 [Note] InnoDB: Waiting for purge to start
2018-01-14 22:05:44 8744 [Note] InnoDB: 5.6.13 started; log sequence number 1626636
2018-01-14 22:05:44 8744 [Warning] No existing UUID has been found, so we assume that this is the first time that this server has been started. Generating a new UUID: afb270dc-f96e-11e7-b2b2-c4850811549e.
2018-01-14 22:05:44 8744 [Note] Server hostname (bind-address): '*'; port: 3307
2018-01-14 22:05:44 8744 [Note] IPv6 is available.
2018-01-14 22:05:44 8744 [Note]   - '::' resolves to '::';
2018-01-14 22:05:44 8744 [Note] Server socket created on IP: '::'.
2018-01-15 15:08:26 7776 [Note] Plugin 'FEDERATED' is disabled.
2018-01-15 15:08:26 7776 [Note] InnoDB: The InnoDB memory heap is disabled
2018-01-15 15:08:26 7776 [Note] InnoDB: Mutexes and rw_locks use Windows interlocked functions
2018-01-15 15:08:26 7776 [Note] InnoDB: Compressed tables use zlib 1.2.3
2018-01-15 15:08:26 7776 [Note] InnoDB: Not using CPU crc32 instructions
2018-01-15 15:08:26 7776 [Note] InnoDB: Initializing buffer pool, size = 128.0M
2018-01-15 15:08:26 7776 [Note] InnoDB: Completed initialization of buffer pool
2018-01-15 15:08:26 7776 [Note] InnoDB: Highest supported file format is Barracuda.
2018-01-15 15:08:26 7776 [Note] InnoDB: The log sequence numbers 1626134 and 1626134 in ibdata files do not match the log sequence number 1626646 in the ib_logfiles!
2018-01-15 15:08:26 7776 [Note] InnoDB: Database was not shutdown normally!
2018-01-15 15:08:26 7776 [Note] InnoDB: Starting crash recovery.
2018-01-15 15:08:26 7776 [Note] InnoDB: Reading tablespace information from the .ibd files...
2018-01-15 15:08:26 7776 [Note] InnoDB: Restoring possible half-written data pages 
2018-01-15 15:08:26 7776 [Note] InnoDB: from the doublewrite buffer...
2018-01-15 15:08:26 7776 [Note] InnoDB: 128 rollback segment(s) are active.
2018-01-15 15:08:26 7776 [Note] InnoDB: Waiting for purge to start
2018-01-15 15:08:26 7776 [Note] InnoDB: 5.6.13 started; log sequence number 1626646
2018-01-15 15:08:26 7776 [Note] Server hostname (bind-address): '*'; port: 3307
2018-01-15 15:08:26 7776 [Note] IPv6 is available.
2018-01-15 15:08:26 7776 [Note]   - '::' resolves to '::';
2018-01-15 15:08:26 7776 [Note] Server socket created on IP: '::'.
2018-01-15 22:03:04 536 [Note] Plugin 'FEDERATED' is disabled.
2018-01-15 22:03:04 536 [Note] InnoDB: The InnoDB memory heap is disabled
2018-01-15 22:03:04 536 [Note] InnoDB: Mutexes and rw_locks use Windows interlocked functions
2018-01-15 22:03:04 536 [Note] InnoDB: Compressed tables use zlib 1.2.3
2018-01-15 22:03:04 536 [Note] InnoDB: Not using CPU crc32 instructions
2018-01-15 22:03:04 536 [Note] InnoDB: Initializing buffer pool, size = 128.0M
2018-01-15 22:03:04 536 [Note] InnoDB: Completed initialization of buffer pool
2018-01-15 22:03:04 536 [Note] InnoDB: Highest supported file format is Barracuda.
2018-01-15 22:03:04 536 [Note] InnoDB: The log sequence numbers 1626134 and 1626134 in ibdata files do not match the log sequence number 1626656 in the ib_logfiles!
2018-01-15 22:03:04 536 [Note] InnoDB: Database was not shutdown normally!
2018-01-15 22:03:04 536 [Note] InnoDB: Starting crash recovery.
2018-01-15 22:03:04 536 [Note] InnoDB: Reading tablespace information from the .ibd files...
2018-01-15 22:03:04 536 [Note] InnoDB: Restoring possible half-written data pages 
2018-01-15 22:03:04 536 [Note] InnoDB: from the doublewrite buffer...
2018-01-15 22:03:04 536 [Note] InnoDB: 128 rollback segment(s) are active.
2018-01-15 22:03:04 536 [Note] InnoDB: Waiting for purge to start
2018-01-15 22:03:05 536 [Note] InnoDB: 5.6.13 started; log sequence number 1626656
2018-01-15 22:03:05 536 [Note] Server hostname (bind-address): '*'; port: 3307
2018-01-15 22:03:05 536 [Note] IPv6 is available.
2018-01-15 22:03:05 536 [Note]   - '::' resolves to '::';
2018-01-15 22:03:05 536 [Note] Server socket created on IP: '::'.
2018-01-15 23:33:39 1564 [Note] Plugin 'FEDERATED' is disabled.
2018-01-15 23:33:39 1564 [Note] InnoDB: The InnoDB memory heap is disabled
2018-01-15 23:33:39 1564 [Note] InnoDB: Mutexes and rw_locks use Windows interlocked functions
2018-01-15 23:33:39 1564 [Note] InnoDB: Compressed tables use zlib 1.2.3
2018-01-15 23:33:39 1564 [Note] InnoDB: Not using CPU crc32 instructions
2018-01-15 23:33:39 1564 [Note] InnoDB: Initializing buffer pool, size = 128.0M
2018-01-15 23:33:39 1564 [Note] InnoDB: Completed initialization of buffer pool
2018-01-15 23:33:39 1564 [Note] InnoDB: Highest supported file format is Barracuda.
2018-01-15 23:33:39 1564 [Note] InnoDB: The log sequence numbers 1626134 and 1626134 in ibdata files do not match the log sequence number 1626666 in the ib_logfiles!
2018-01-15 23:33:39 1564 [Note] InnoDB: Database was not shutdown normally!
2018-01-15 23:33:39 1564 [Note] InnoDB: Starting crash recovery.
2018-01-15 23:33:39 1564 [Note] InnoDB: Reading tablespace information from the .ibd files...
2018-01-15 23:33:39 1564 [Note] InnoDB: Restoring possible half-written data pages 
2018-01-15 23:33:39 1564 [Note] InnoDB: from the doublewrite buffer...
2018-01-15 23:33:39 1564 [Note] InnoDB: 128 rollback segment(s) are active.
2018-01-15 23:33:39 1564 [Note] InnoDB: Waiting for purge to start
2018-01-15 23:33:39 1564 [Note] InnoDB: 5.6.13 started; log sequence number 1626666
2018-01-15 23:33:39 1564 [Note] Server hostname (bind-address): '*'; port: 3307
2018-01-15 23:33:39 1564 [Note] IPv6 is available.
2018-01-15 23:33:39 1564 [Note]   - '::' resolves to '::';
2018-01-15 23:33:39 1564 [Note] Server socket created on IP: '::'.
2018-01-15 23:47:08 4944 [Note] Plugin 'FEDERATED' is disabled.
2018-01-15 23:47:08 4944 [Note] InnoDB: The InnoDB memory heap is disabled
2018-01-15 23:47:08 4944 [Note] InnoDB: Mutexes and rw_locks use Windows interlocked functions
2018-01-15 23:47:08 4944 [Note] InnoDB: Compressed tables use zlib 1.2.3
2018-01-15 23:47:08 4944 [Note] InnoDB: Not using CPU crc32 instructions
2018-01-15 23:47:08 4944 [Note] InnoDB: Initializing buffer pool, size = 128.0M
2018-01-15 23:47:08 4944 [Note] InnoDB: Completed initialization of buffer pool
2018-01-15 23:47:08 4944 [Note] InnoDB: Highest supported file format is Barracuda.
2018-01-15 23:47:08 4944 [Note] InnoDB: The log sequence numbers 1626134 and 1626134 in ibdata files do not match the log sequence number 1626676 in the ib_logfiles!
2018-01-15 23:47:08 4944 [Note] InnoDB: Database was not shutdown normally!
2018-01-15 23:47:08 4944 [Note] InnoDB: Starting crash recovery.
2018-01-15 23:47:08 4944 [Note] InnoDB: Reading tablespace information from the .ibd files...
2018-01-15 23:47:08 4944 [Note] InnoDB: Restoring possible half-written data pages 
2018-01-15 23:47:08 4944 [Note] InnoDB: from the doublewrite buffer...
2018-01-15 23:47:08 4944 [Note] InnoDB: 128 rollback segment(s) are active.
2018-01-15 23:47:08 4944 [Note] InnoDB: Waiting for purge to start
2018-01-15 23:47:08 4944 [Note] InnoDB: 5.6.13 started; log sequence number 1626676
2018-01-15 23:47:08 4944 [Note] Server hostname (bind-address): '*'; port: 3307
2018-01-15 23:47:08 4944 [Note] IPv6 is available.
2018-01-15 23:47:08 4944 [Note]   - '::' resolves to '::';
2018-01-15 23:47:08 4944 [Note] Server socket created on IP: '::'.
2018-01-16 13:02:57 3600 [Note] Plugin 'FEDERATED' is disabled.
2018-01-16 13:02:57 3600 [Note] InnoDB: The InnoDB memory heap is disabled
2018-01-16 13:02:57 3600 [Note] InnoDB: Mutexes and rw_locks use Windows interlocked functions
2018-01-16 13:02:57 3600 [Note] InnoDB: Compressed tables use zlib 1.2.3
2018-01-16 13:02:57 3600 [Note] InnoDB: Not using CPU crc32 instructions
2018-01-16 13:02:57 3600 [Note] InnoDB: Initializing buffer pool, size = 128.0M
2018-01-16 13:02:57 3600 [Note] InnoDB: Completed initialization of buffer pool
2018-01-16 13:02:57 3600 [Note] InnoDB: Highest supported file format is Barracuda.
2018-01-16 13:02:57 3600 [Note] InnoDB: The log sequence numbers 1626134 and 1626134 in ibdata files do not match the log sequence number 1626686 in the ib_logfiles!
2018-01-16 13:02:57 3600 [Note] InnoDB: Database was not shutdown normally!
2018-01-16 13:02:57 3600 [Note] InnoDB: Starting crash recovery.
2018-01-16 13:02:57 3600 [Note] InnoDB: Reading tablespace information from the .ibd files...
2018-01-16 13:02:57 3600 [Note] InnoDB: Restoring possible half-written data pages 
2018-01-16 13:02:57 3600 [Note] InnoDB: from the doublewrite buffer...
2018-01-16 13:02:57 3600 [Note] InnoDB: 128 rollback segment(s) are active.
2018-01-16 13:02:57 3600 [Note] InnoDB: Waiting for purge to start
2018-01-16 13:02:57 3600 [Note] InnoDB: 5.6.13 started; log sequence number 1626686
2018-01-16 13:02:57 3600 [Note] Server hostname (bind-address): '*'; port: 3307
2018-01-16 13:02:57 3600 [Note] IPv6 is available.
2018-01-16 13:02:57 3600 [Note]   - '::' resolves to '::';
2018-01-16 13:02:57 3600 [Note] Server socket created on IP: '::'.
2018-01-16 14:38:36 644 [Note] Plugin 'FEDERATED' is disabled.
2018-01-16 14:38:36 644 [Note] InnoDB: The InnoDB memory heap is disabled
2018-01-16 14:38:36 644 [Note] InnoDB: Mutexes and rw_locks use Windows interlocked functions
2018-01-16 14:38:36 644 [Note] InnoDB: Compressed tables use zlib 1.2.3
2018-01-16 14:38:36 644 [Note] InnoDB: Not using CPU crc32 instructions
2018-01-16 14:38:36 644 [Note] InnoDB: Initializing buffer pool, size = 128.0M
2018-01-16 14:38:36 644 [Note] InnoDB: Completed initialization of buffer pool
2018-01-16 14:38:37 644 [Note] InnoDB: Highest supported file format is Barracuda.
2018-01-16 14:38:37 644 [Note] InnoDB: The log sequence numbers 1626134 and 1626134 in ibdata files do not match the log sequence number 1626696 in the ib_logfiles!
2018-01-16 14:38:37 644 [Note] InnoDB: Database was not shutdown normally!
2018-01-16 14:38:37 644 [Note] InnoDB: Starting crash recovery.
2018-01-16 14:38:37 644 [Note] InnoDB: Reading tablespace information from the .ibd files...
2018-01-16 14:38:37 644 [Note] InnoDB: Restoring possible half-written data pages 
2018-01-16 14:38:37 644 [Note] InnoDB: from the doublewrite buffer...
2018-01-16 14:38:37 644 [Note] InnoDB: 128 rollback segment(s) are active.
2018-01-16 14:38:37 644 [Note] InnoDB: Waiting for purge to start
2018-01-16 14:38:37 644 [Note] InnoDB: 5.6.13 started; log sequence number 1626696
2018-01-16 14:38:37 644 [Note] Server hostname (bind-address): '*'; port: 3307
2018-01-16 14:38:37 644 [Note] IPv6 is available.
2018-01-16 14:38:37 644 [Note]   - '::' resolves to '::';
2018-01-16 14:38:37 644 [Note] Server socket created on IP: '::'.
2018-01-16 21:53:04 9496 [Note] Plugin 'FEDERATED' is disabled.
2018-01-16 21:53:04 9496 [Note] InnoDB: The InnoDB memory heap is disabled
2018-01-16 21:53:04 9496 [Note] InnoDB: Mutexes and rw_locks use Windows interlocked functions
2018-01-16 21:53:04 9496 [Note] InnoDB: Compressed tables use zlib 1.2.3
2018-01-16 21:53:04 9496 [Note] InnoDB: Not using CPU crc32 instructions
2018-01-16 21:53:04 9496 [Note] InnoDB: Initializing buffer pool, size = 128.0M
2018-01-16 21:53:04 9496 [Note] InnoDB: Completed initialization of buffer pool
2018-01-16 21:53:04 9496 [Note] InnoDB: Highest supported file format is Barracuda.
2018-01-16 21:53:04 9496 [Note] InnoDB: The log sequence numbers 1626134 and 1626134 in ibdata files do not match the log sequence number 1626706 in the ib_logfiles!
2018-01-16 21:53:04 9496 [Note] InnoDB: Database was not shutdown normally!
2018-01-16 21:53:04 9496 [Note] InnoDB: Starting crash recovery.
2018-01-16 21:53:04 9496 [Note] InnoDB: Reading tablespace information from the .ibd files...
2018-01-16 21:53:04 9496 [Note] InnoDB: Restoring possible half-written data pages 
2018-01-16 21:53:04 9496 [Note] InnoDB: from the doublewrite buffer...
2018-01-16 21:53:04 9496 [Note] InnoDB: 128 rollback segment(s) are active.
2018-01-16 21:53:04 9496 [Note] InnoDB: Waiting for purge to start
2018-01-16 21:53:04 9496 [Note] InnoDB: 5.6.13 started; log sequence number 1626706
2018-01-16 21:53:04 9496 [Note] Server hostname (bind-address): '*'; port: 3307
2018-01-16 21:53:04 9496 [Note] IPv6 is available.
2018-01-16 21:53:04 9496 [Note]   - '::' resolves to '::';
2018-01-16 21:53:04 9496 [Note] Server socket created on IP: '::'.
2018-01-17 13:59:56 8352 [Note] Plugin 'FEDERATED' is disabled.
2018-01-17 13:59:56 8352 [Note] InnoDB: The InnoDB memory heap is disabled
2018-01-17 13:59:56 8352 [Note] InnoDB: Mutexes and rw_locks use Windows interlocked functions
2018-01-17 13:59:56 8352 [Note] InnoDB: Compressed tables use zlib 1.2.3
2018-01-17 13:59:56 8352 [Note] InnoDB: Not using CPU crc32 instructions
2018-01-17 13:59:56 8352 [Note] InnoDB: Initializing buffer pool, size = 128.0M
2018-01-17 13:59:56 8352 [Note] InnoDB: Completed initialization of buffer pool
2018-01-17 13:59:56 8352 [Note] InnoDB: Highest supported file format is Barracuda.
2018-01-17 13:59:56 8352 [Note] InnoDB: The log sequence numbers 1626134 and 1626134 in ibdata files do not match the log sequence number 1626716 in the ib_logfiles!
2018-01-17 13:59:56 8352 [Note] InnoDB: Database was not shutdown normally!
2018-01-17 13:59:56 8352 [Note] InnoDB: Starting crash recovery.
2018-01-17 13:59:56 8352 [Note] InnoDB: Reading tablespace information from the .ibd files...
2018-01-17 13:59:56 8352 [Note] InnoDB: Restoring possible half-written data pages 
2018-01-17 13:59:56 8352 [Note] InnoDB: from the doublewrite buffer...
2018-01-17 13:59:56 8352 [Note] InnoDB: 128 rollback segment(s) are active.
2018-01-17 13:59:56 8352 [Note] InnoDB: Waiting for purge to start
2018-01-17 13:59:56 8352 [Note] InnoDB: 5.6.13 started; log sequence number 1626716
2018-01-17 13:59:56 8352 [Note] Server hostname (bind-address): '*'; port: 3307
2018-01-17 13:59:56 8352 [Note] IPv6 is available.
2018-01-17 13:59:56 8352 [Note]   - '::' resolves to '::';
2018-01-17 13:59:56 8352 [Note] Server socket created on IP: '::'.
2018-01-17 15:51:34 8716 [Note] Plugin 'FEDERATED' is disabled.
2018-01-17 15:51:34 8716 [Note] InnoDB: The InnoDB memory heap is disabled
2018-01-17 15:51:34 8716 [Note] InnoDB: Mutexes and rw_locks use Windows interlocked functions
2018-01-17 15:51:34 8716 [Note] InnoDB: Compressed tables use zlib 1.2.3
2018-01-17 15:51:34 8716 [Note] InnoDB: Not using CPU crc32 instructions
2018-01-17 15:51:34 8716 [Note] InnoDB: Initializing buffer pool, size = 128.0M
2018-01-17 15:51:34 8716 [Note] InnoDB: Completed initialization of buffer pool
2018-01-17 15:51:34 8716 [Note] InnoDB: Highest supported file format is Barracuda.
2018-01-17 15:51:34 8716 [Note] InnoDB: The log sequence numbers 1626134 and 1626134 in ibdata files do not match the log sequence number 1626726 in the ib_logfiles!
2018-01-17 15:51:34 8716 [Note] InnoDB: Database was not shutdown normally!
2018-01-17 15:51:34 8716 [Note] InnoDB: Starting crash recovery.
2018-01-17 15:51:34 8716 [Note] InnoDB: Reading tablespace information from the .ibd files...
2018-01-17 15:51:34 8716 [Note] InnoDB: Restoring possible half-written data pages 
2018-01-17 15:51:34 8716 [Note] InnoDB: from the doublewrite buffer...
2018-01-17 15:51:34 8716 [Note] InnoDB: 128 rollback segment(s) are active.
2018-01-17 15:51:34 8716 [Note] InnoDB: Waiting for purge to start
2018-01-17 15:51:34 8716 [Note] InnoDB: 5.6.13 started; log sequence number 1626726
2018-01-17 15:51:34 8716 [Note] Server hostname (bind-address): '*'; port: 3307
2018-01-17 15:51:34 8716 [Note] IPv6 is available.
2018-01-17 15:51:34 8716 [Note]   - '::' resolves to '::';
2018-01-17 15:51:34 8716 [Note] Server socket created on IP: '::'.
