2018-01-19 00:11:14 836 [Note] Plugin 'FEDERATED' is disabled.
2018-01-19 00:11:14 836 [Note] InnoDB: The InnoDB memory heap is disabled
2018-01-19 00:11:14 836 [Note] InnoDB: Mutexes and rw_locks use Windows interlocked functions
2018-01-19 00:11:14 836 [Note] InnoDB: Compressed tables use zlib 1.2.3
2018-01-19 00:11:14 836 [Note] InnoDB: Not using CPU crc32 instructions
2018-01-19 00:11:14 836 [Note] InnoDB: Initializing buffer pool, size = 128.0M
2018-01-19 00:11:14 836 [Note] InnoDB: Completed initialization of buffer pool
2018-01-19 00:11:14 836 [Note] InnoDB: Highest supported file format is Barracuda.
2018-01-19 00:11:14 836 [Note] InnoDB: The log sequence numbers 1626134 and 1626134 in ibdata files do not match the log sequence number 1626746 in the ib_logfiles!
2018-01-19 00:11:14 836 [Note] InnoDB: Database was not shutdown normally!
2018-01-19 00:11:14 836 [Note] InnoDB: Starting crash recovery.
2018-01-19 00:11:14 836 [Note] InnoDB: Reading tablespace information from the .ibd files...
2018-01-19 00:11:14 836 [Note] InnoDB: Restoring possible half-written data pages 
2018-01-19 00:11:14 836 [Note] InnoDB: from the doublewrite buffer...
2018-01-19 00:11:14 836 [Note] InnoDB: 128 rollback segment(s) are active.
2018-01-19 00:11:14 836 [Note] InnoDB: Waiting for purge to start
2018-01-19 00:11:14 836 [Note] InnoDB: 5.6.13 started; log sequence number 1626746
2018-01-19 00:11:14 836 [Note] Server hostname (bind-address): '*'; port: 3307
2018-01-19 00:11:14 836 [Note] IPv6 is available.
2018-01-19 00:11:14 836 [Note]   - '::' resolves to '::';
2018-01-19 00:11:14 836 [Note] Server socket created on IP: '::'.
2018-01-19 09:35:50 8068 [Note] Plugin 'FEDERATED' is disabled.
2018-01-19 09:35:50 8068 [Note] InnoDB: The InnoDB memory heap is disabled
2018-01-19 09:35:50 8068 [Note] InnoDB: Mutexes and rw_locks use Windows interlocked functions
2018-01-19 09:35:50 8068 [Note] InnoDB: Compressed tables use zlib 1.2.3
2018-01-19 09:35:50 8068 [Note] InnoDB: Not using CPU crc32 instructions
2018-01-19 09:35:50 8068 [Note] InnoDB: Initializing buffer pool, size = 128.0M
2018-01-19 09:35:50 8068 [Note] InnoDB: Completed initialization of buffer pool
2018-01-19 09:35:50 8068 [Note] InnoDB: Highest supported file format is Barracuda.
2018-01-19 09:35:50 8068 [Note] InnoDB: The log sequence numbers 1626134 and 1626134 in ibdata files do not match the log sequence number 1626756 in the ib_logfiles!
2018-01-19 09:35:50 8068 [Note] InnoDB: Database was not shutdown normally!
2018-01-19 09:35:50 8068 [Note] InnoDB: Starting crash recovery.
2018-01-19 09:35:50 8068 [Note] InnoDB: Reading tablespace information from the .ibd files...
2018-01-19 09:35:50 8068 [Note] InnoDB: Restoring possible half-written data pages 
2018-01-19 09:35:50 8068 [Note] InnoDB: from the doublewrite buffer...
2018-01-19 09:35:51 8068 [Note] InnoDB: 128 rollback segment(s) are active.
2018-01-19 09:35:51 8068 [Note] InnoDB: Waiting for purge to start
2018-01-19 09:35:51 8068 [Note] InnoDB: 5.6.13 started; log sequence number 1626756
2018-01-19 09:35:51 8068 [Note] Server hostname (bind-address): '*'; port: 3307
2018-01-19 09:35:51 8068 [Note] IPv6 is available.
2018-01-19 09:35:51 8068 [Note]   - '::' resolves to '::';
2018-01-19 09:35:51 8068 [Note] Server socket created on IP: '::'.
2018-01-19 21:08:35 5776 [Note] Plugin 'FEDERATED' is disabled.
2018-01-19 21:08:35 5776 [Note] InnoDB: The InnoDB memory heap is disabled
2018-01-19 21:08:35 5776 [Note] InnoDB: Mutexes and rw_locks use Windows interlocked functions
2018-01-19 21:08:35 5776 [Note] InnoDB: Compressed tables use zlib 1.2.3
2018-01-19 21:08:35 5776 [Note] InnoDB: Not using CPU crc32 instructions
2018-01-19 21:08:35 5776 [Note] InnoDB: Initializing buffer pool, size = 128.0M
2018-01-19 21:08:35 5776 [Note] InnoDB: Completed initialization of buffer pool
2018-01-19 21:08:35 5776 [Note] InnoDB: Highest supported file format is Barracuda.
2018-01-19 21:08:35 5776 [Note] InnoDB: The log sequence numbers 1626134 and 1626134 in ibdata files do not match the log sequence number 1626786 in the ib_logfiles!
2018-01-19 21:08:35 5776 [Note] InnoDB: Database was not shutdown normally!
2018-01-19 21:08:35 5776 [Note] InnoDB: Starting crash recovery.
2018-01-19 21:08:35 5776 [Note] InnoDB: Reading tablespace information from the .ibd files...
2018-01-19 21:08:35 5776 [Note] InnoDB: Restoring possible half-written data pages 
2018-01-19 21:08:35 5776 [Note] InnoDB: from the doublewrite buffer...
2018-01-19 21:08:36 5776 [Note] InnoDB: 128 rollback segment(s) are active.
2018-01-19 21:08:36 5776 [Note] InnoDB: Waiting for purge to start
2018-01-19 21:08:36 5776 [Note] InnoDB: 5.6.13 started; log sequence number 1626786
2018-01-19 21:08:36 5776 [Note] Server hostname (bind-address): '*'; port: 3307
2018-01-19 21:08:36 5776 [Note] IPv6 is available.
2018-01-19 21:08:36 5776 [Note]   - '::' resolves to '::';
2018-01-19 21:08:36 5776 [Note] Server socket created on IP: '::'.
